# JRE version: OpenJDK Runtime Environment (7.0_151-b01) (build 1.7.0_151-b01)
# Java VM: OpenJDK 64-Bit Server VM (24.151-b01 mixed mode linux-amd64 compressed oops)
Heap
 PSYoungGen      total 68096K, used 39869K [0x00000000f0000000, 0x00000000f9a00000, 0x0000000100000000)
  eden space 65536K, 56% used [0x00000000f0000000,0x00000000f2477628,0x00000000f4000000)
  from space 2560K, 98% used [0x00000000f4000000,0x00000000f4278120,0x00000000f4280000)
  to   space 13312K, 0% used [0x00000000f8d00000,0x00000000f8d00000,0x00000000f9a00000)
 ParOldGen       total 41984K, used 21661K [0x00000000d0000000, 0x00000000d2900000, 0x00000000f0000000)
  object space 41984K, 51% used [0x00000000d0000000,0x00000000d1527728,0x00000000d2900000)
 PSPermGen       total 21504K, used 9991K [0x00000000c5a00000, 0x00000000c6f00000, 0x00000000d0000000)
  object space 21504K, 46% used [0x00000000c5a00000,0x00000000c63c1ee0,0x00000000c6f00000)
GC Heap History (10 events):
Event: 0.488 GC heap before
{Heap before GC invocations=1 (full 0):
 PSYoungGen      total 18944K, used 16384K [0x00000000f0000000, 0x00000000f1500000, 0x0000000100000000)
  eden space 16384K, 100% used [0x00000000f0000000,0x00000000f1000000,0x00000000f1000000)
  from space 2560K, 0% used [0x00000000f1280000,0x00000000f1280000,0x00000000f1500000)
  to   space 2560K, 0% used [0x00000000f1000000,0x00000000f1000000,0x00000000f1280000)
 ParOldGen       total 41984K, used 0K [0x00000000d0000000, 0x00000000d2900000, 0x00000000f0000000)
  object space 41984K, 0% used [0x00000000d0000000,0x00000000d0000000,0x00000000d2900000)
 PSPermGen       total 21504K, used 6998K [0x00000000c5a00000, 0x00000000c6f00000, 0x00000000d0000000)
  object space 21504K, 32% used [0x00000000c5a00000,0x00000000c60d5948,0x00000000c6f00000)
Event: 0.496 GC heap after
Heap after GC invocations=1 (full 0):
 PSYoungGen      total 18944K, used 2557K [0x00000000f0000000, 0x00000000f2500000, 0x0000000100000000)
  eden space 16384K, 0% used [0x00000000f0000000,0x00000000f0000000,0x00000000f1000000)
  from space 2560K, 99% used [0x00000000f1000000,0x00000000f127f638,0x00000000f1280000)
  to   space 2560K, 0% used [0x00000000f2280000,0x00000000f2280000,0x00000000f2500000)
 ParOldGen       total 41984K, used 702K [0x00000000d0000000, 0x00000000d2900000, 0x00000000f0000000)
  object space 41984K, 1% used [0x00000000d0000000,0x00000000d00af840,0x00000000d2900000)
 PSPermGen       total 21504K, used 6998K [0x00000000c5a00000, 0x00000000c6f00000, 0x00000000d0000000)
  object space 21504K, 32% used [0x00000000c5a00000,0x00000000c60d5948,0x00000000c6f00000)
}
Event: 1.215 GC heap before
{Heap before GC invocations=2 (full 0):
 PSYoungGen      total 18944K, used 18941K [0x00000000f0000000, 0x00000000f2500000, 0x0000000100000000)
  eden space 16384K, 100% used [0x00000000f0000000,0x00000000f1000000,0x00000000f1000000)
  from space 2560K, 99% used [0x00000000f1000000,0x00000000f127f638,0x00000000f1280000)
  to   space 2560K, 0% used [0x00000000f2280000,0x00000000f2280000,0x00000000f2500000)
 ParOldGen       total 41984K, used 702K [0x00000000d0000000, 0x00000000d2900000, 0x00000000f0000000)
  object space 41984K, 1% used [0x00000000d0000000,0x00000000d00af840,0x00000000d2900000)
 PSPermGen       total 21504K, used 8607K [0x00000000c5a00000, 0x00000000c6f00000, 0x00000000d0000000)
  object space 21504K, 40% used [0x00000000c5a00000,0x00000000c6267e28,0x00000000c6f00000)
Event: 1.223 GC heap after
Heap after GC invocations=2 (full 0):
 PSYoungGen      total 35328K, used 2546K [0x00000000f0000000, 0x00000000f2500000, 0x0000000100000000)
  eden space 32768K, 0% used [0x00000000f0000000,0x00000000f0000000,0x00000000f2000000)
  from space 2560K, 99% used [0x00000000f2280000,0x00000000f24fc8f0,0x00000000f2500000)
  to   space 2560K, 0% used [0x00000000f2000000,0x00000000f2000000,0x00000000f2280000)
 ParOldGen       total 41984K, used 1923K [0x00000000d0000000, 0x00000000d2900000, 0x00000000f0000000)
  object space 41984K, 4% used [0x00000000d0000000,0x00000000d01e0ea0,0x00000000d2900000)
 PSPermGen       total 21504K, used 8607K [0x00000000c5a00000, 0x00000000c6f00000, 0x00000000d0000000)
  object space 21504K, 40% used [0x00000000c5a00000,0x00000000c6267e28,0x00000000c6f00000)
}
Event: 1.704 GC heap before
{Heap before GC invocations=3 (full 0):
 PSYoungGen      total 35328K, used 35314K [0x00000000f0000000, 0x00000000f2500000, 0x0000000100000000)
  eden space 32768K, 100% used [0x00000000f0000000,0x00000000f2000000,0x00000000f2000000)
  from space 2560K, 99% used [0x00000000f2280000,0x00000000f24fc8f0,0x00000000f2500000)
  to   space 2560K, 0% used [0x00000000f2000000,0x00000000f2000000,0x00000000f2280000)
 ParOldGen       total 41984K, used 1923K [0x00000000d0000000, 0x00000000d2900000, 0x00000000f0000000)
  object space 41984K, 4% used [0x00000000d0000000,0x00000000d01e0ea0,0x00000000d2900000)
 PSPermGen       total 21504K, used 8866K [0x00000000c5a00000, 0x00000000c6f00000, 0x00000000d0000000)
  object space 21504K, 41% used [0x00000000c5a00000,0x00000000c62a8988,0x00000000c6f00000)
Event: 1.742 GC heap after
Heap after GC invocations=3 (full 0):
 PSYoungGen      total 35328K, used 2540K [0x00000000f0000000, 0x00000000f4500000, 0x0000000100000000)
  eden space 32768K, 0% used [0x00000000f0000000,0x00000000f0000000,0x00000000f2000000)
  from space 2560K, 99% used [0x00000000f2000000,0x00000000f227b060,0x00000000f2280000)
  to   space 2560K, 0% used [0x00000000f4280000,0x00000000f4280000,0x00000000f4500000)
 ParOldGen       total 41984K, used 9194K [0x00000000d0000000, 0x00000000d2900000, 0x00000000f0000000)
  object space 41984K, 21% used [0x00000000d0000000,0x00000000d08faa30,0x00000000d2900000)
 PSPermGen       total 21504K, used 8866K [0x00000000c5a00000, 0x00000000c6f00000, 0x00000000d0000000)
  object space 21504K, 41% used [0x00000000c5a00000,0x00000000c62a8988,0x00000000c6f00000)
}
Event: 1.888 GC heap before
{Heap before GC invocations=4 (full 0):
 PSYoungGen      total 35328K, used 35308K [0x00000000f0000000, 0x00000000f4500000, 0x0000000100000000)
  eden space 32768K, 100% used [0x00000000f0000000,0x00000000f2000000,0x00000000f2000000)
  from space 2560K, 99% used [0x00000000f2000000,0x00000000f227b060,0x00000000f2280000)
  to   space 2560K, 0% used [0x00000000f4280000,0x00000000f4280000,0x00000000f4500000)
 ParOldGen       total 41984K, used 9194K [0x00000000d0000000, 0x00000000d2900000, 0x00000000f0000000)
  object space 41984K, 21% used [0x00000000d0000000,0x00000000d08faa30,0x00000000d2900000)
 PSPermGen       total 21504K, used 8894K [0x00000000c5a00000, 0x00000000c6f00000, 0x00000000d0000000)
  object space 21504K, 41% used [0x00000000c5a00000,0x00000000c62afbb8,0x00000000c6f00000)
Event: 1.906 GC heap after
Heap after GC invocations=4 (full 0):
 PSYoungGen      total 68096K, used 2556K [0x00000000f0000000, 0x00000000f4500000, 0x0000000100000000)
  eden space 65536K, 0% used [0x00000000f0000000,0x00000000f0000000,0x00000000f4000000)
  from space 2560K, 99% used [0x00000000f4280000,0x00000000f44ff050,0x00000000f4500000)
  to   space 2560K, 0% used [0x00000000f4000000,0x00000000f4000000,0x00000000f4280000)
 ParOldGen       total 41984K, used 11898K [0x00000000d0000000, 0x00000000d2900000, 0x00000000f0000000)
  object space 41984K, 28% used [0x00000000d0000000,0x00000000d0b9ea30,0x00000000d2900000)
 PSPermGen       total 21504K, used 8894K [0x00000000c5a00000, 0x00000000c6f00000, 0x00000000d0000000)
  object space 21504K, 41% used [0x00000000c5a00000,0x00000000c62afbb8,0x00000000c6f00000)
}
Event: 2.390 GC heap before
{Heap before GC invocations=5 (full 0):
 PSYoungGen      total 68096K, used 68092K [0x00000000f0000000, 0x00000000f4500000, 0x0000000100000000)
  eden space 65536K, 100% used [0x00000000f0000000,0x00000000f4000000,0x00000000f4000000)
  from space 2560K, 99% used [0x00000000f4280000,0x00000000f44ff050,0x00000000f4500000)
  to   space 2560K, 0% used [0x00000000f4000000,0x00000000f4000000,0x00000000f4280000)
 ParOldGen       total 41984K, used 11898K [0x00000000d0000000, 0x00000000d2900000, 0x00000000f0000000)
  object space 41984K, 28% used [0x00000000d0000000,0x00000000d0b9ea30,0x00000000d2900000)
 PSPermGen       total 21504K, used 9643K [0x00000000c5a00000, 0x00000000c6f00000, 0x00000000d0000000)
  object space 21504K, 44% used [0x00000000c5a00000,0x00000000c636ae28,0x00000000c6f00000)
Event: 2.424 GC heap after
Heap after GC invocations=5 (full 0):
 PSYoungGen      total 68096K, used 2528K [0x00000000f0000000, 0x00000000f9a00000, 0x0000000100000000)
  eden space 65536K, 0% used [0x00000000f0000000,0x00000000f0000000,0x00000000f4000000)
  from space 2560K, 98% used [0x00000000f4000000,0x00000000f4278120,0x00000000f4280000)
  to   space 13312K, 0% used [0x00000000f8d00000,0x00000000f8d00000,0x00000000f9a00000)
 ParOldGen       total 41984K, used 21661K [0x00000000d0000000, 0x00000000d2900000, 0x00000000f0000000)
  object space 41984K, 51% used [0x00000000d0000000,0x00000000d1527728,0x00000000d2900000)
 PSPermGen       total 21504K, used 9643K [0x00000000c5a00000, 0x00000000c6f00000, 0x00000000d0000000)
  object space 21504K, 44% used [0x00000000c5a00000,0x00000000c636ae28,0x00000000c6f00000)
}

