# JRE version: OpenJDK Runtime Environment (7.0_151-b01) (build 1.7.0_151-b01)
# Java VM: OpenJDK 64-Bit Server VM (24.151-b01 mixed mode linux-amd64 compressed oops)
Heap
 PSYoungGen      total 68096K, used 39896K [0x00000000f0000000, 0x00000000f9b00000, 0x0000000100000000)
  eden space 65536K, 56% used [0x00000000f0000000,0x00000000f24779f8,0x00000000f4000000)
  from space 2560K, 99% used [0x00000000f4000000,0x00000000f427e8a0,0x00000000f4280000)
  to   space 13824K, 0% used [0x00000000f8d80000,0x00000000f8d80000,0x00000000f9b00000)
 ParOldGen       total 41984K, used 23144K [0x00000000d0000000, 0x00000000d2900000, 0x00000000f0000000)
  object space 41984K, 55% used [0x00000000d0000000,0x00000000d169a3f8,0x00000000d2900000)
 PSPermGen       total 21504K, used 9993K [0x00000000c5a00000, 0x00000000c6f00000, 0x00000000d0000000)
  object space 21504K, 46% used [0x00000000c5a00000,0x00000000c63c2500,0x00000000c6f00000)
GC Heap History (10 events):
Event: 0.475 GC heap before
{Heap before GC invocations=1 (full 0):
 PSYoungGen      total 18944K, used 16384K [0x00000000f0000000, 0x00000000f1500000, 0x0000000100000000)
  eden space 16384K, 100% used [0x00000000f0000000,0x00000000f1000000,0x00000000f1000000)
  from space 2560K, 0% used [0x00000000f1280000,0x00000000f1280000,0x00000000f1500000)
  to   space 2560K, 0% used [0x00000000f1000000,0x00000000f1000000,0x00000000f1280000)
 ParOldGen       total 41984K, used 0K [0x00000000d0000000, 0x00000000d2900000, 0x00000000f0000000)
  object space 41984K, 0% used [0x00000000d0000000,0x00000000d0000000,0x00000000d2900000)
 PSPermGen       total 21504K, used 6998K [0x00000000c5a00000, 0x00000000c6f00000, 0x00000000d0000000)
  object space 21504K, 32% used [0x00000000c5a00000,0x00000000c60d5948,0x00000000c6f00000)
Event: 0.482 GC heap after
Heap after GC invocations=1 (full 0):
 PSYoungGen      total 18944K, used 2557K [0x00000000f0000000, 0x00000000f2500000, 0x0000000100000000)
  eden space 16384K, 0% used [0x00000000f0000000,0x00000000f0000000,0x00000000f1000000)
  from space 2560K, 99% used [0x00000000f1000000,0x00000000f127f638,0x00000000f1280000)
  to   space 2560K, 0% used [0x00000000f2280000,0x00000000f2280000,0x00000000f2500000)
 ParOldGen       total 41984K, used 710K [0x00000000d0000000, 0x00000000d2900000, 0x00000000f0000000)
  object space 41984K, 1% used [0x00000000d0000000,0x00000000d00b1840,0x00000000d2900000)
 PSPermGen       total 21504K, used 6998K [0x00000000c5a00000, 0x00000000c6f00000, 0x00000000d0000000)
  object space 21504K, 32% used [0x00000000c5a00000,0x00000000c60d5948,0x00000000c6f00000)
}
Event: 1.151 GC heap before
{Heap before GC invocations=2 (full 0):
 PSYoungGen      total 18944K, used 18941K [0x00000000f0000000, 0x00000000f2500000, 0x0000000100000000)
  eden space 16384K, 100% used [0x00000000f0000000,0x00000000f1000000,0x00000000f1000000)
  from space 2560K, 99% used [0x00000000f1000000,0x00000000f127f638,0x00000000f1280000)
  to   space 2560K, 0% used [0x00000000f2280000,0x00000000f2280000,0x00000000f2500000)
 ParOldGen       total 41984K, used 710K [0x00000000d0000000, 0x00000000d2900000, 0x00000000f0000000)
  object space 41984K, 1% used [0x00000000d0000000,0x00000000d00b1840,0x00000000d2900000)
 PSPermGen       total 21504K, used 8607K [0x00000000c5a00000, 0x00000000c6f00000, 0x00000000d0000000)
  object space 21504K, 40% used [0x00000000c5a00000,0x00000000c6267e08,0x00000000c6f00000)
Event: 1.163 GC heap after
Heap after GC invocations=2 (full 0):
 PSYoungGen      total 35328K, used 2530K [0x00000000f0000000, 0x00000000f2500000, 0x0000000100000000)
  eden space 32768K, 0% used [0x00000000f0000000,0x00000000f0000000,0x00000000f2000000)
  from space 2560K, 98% used [0x00000000f2280000,0x00000000f24f88f0,0x00000000f2500000)
  to   space 2560K, 0% used [0x00000000f2000000,0x00000000f2000000,0x00000000f2280000)
 ParOldGen       total 41984K, used 1959K [0x00000000d0000000, 0x00000000d2900000, 0x00000000f0000000)
  object space 41984K, 4% used [0x00000000d0000000,0x00000000d01e9ee0,0x00000000d2900000)
 PSPermGen       total 21504K, used 8607K [0x00000000c5a00000, 0x00000000c6f00000, 0x00000000d0000000)
  object space 21504K, 40% used [0x00000000c5a00000,0x00000000c6267e08,0x00000000c6f00000)
}
Event: 1.587 GC heap before
{Heap before GC invocations=3 (full 0):
 PSYoungGen      total 35328K, used 35298K [0x00000000f0000000, 0x00000000f2500000, 0x0000000100000000)
  eden space 32768K, 100% used [0x00000000f0000000,0x00000000f2000000,0x00000000f2000000)
  from space 2560K, 98% used [0x00000000f2280000,0x00000000f24f88f0,0x00000000f2500000)
  to   space 2560K, 0% used [0x00000000f2000000,0x00000000f2000000,0x00000000f2280000)
 ParOldGen       total 41984K, used 1959K [0x00000000d0000000, 0x00000000d2900000, 0x00000000f0000000)
  object space 41984K, 4% used [0x00000000d0000000,0x00000000d01e9ee0,0x00000000d2900000)
 PSPermGen       total 21504K, used 8865K [0x00000000c5a00000, 0x00000000c6f00000, 0x00000000d0000000)
  object space 21504K, 41% used [0x00000000c5a00000,0x00000000c62a87b8,0x00000000c6f00000)
Event: 1.614 GC heap after
Heap after GC invocations=3 (full 0):
 PSYoungGen      total 35328K, used 2553K [0x00000000f0000000, 0x00000000f4500000, 0x0000000100000000)
  eden space 32768K, 0% used [0x00000000f0000000,0x00000000f0000000,0x00000000f2000000)
  from space 2560K, 99% used [0x00000000f2000000,0x00000000f227e7c0,0x00000000f2280000)
  to   space 2560K, 0% used [0x00000000f4280000,0x00000000f4280000,0x00000000f4500000)
 ParOldGen       total 41984K, used 9431K [0x00000000d0000000, 0x00000000d2900000, 0x00000000f0000000)
  object space 41984K, 22% used [0x00000000d0000000,0x00000000d0935ea0,0x00000000d2900000)
 PSPermGen       total 21504K, used 8865K [0x00000000c5a00000, 0x00000000c6f00000, 0x00000000d0000000)
  object space 21504K, 41% used [0x00000000c5a00000,0x00000000c62a87b8,0x00000000c6f00000)
}
Event: 1.760 GC heap before
{Heap before GC invocations=4 (full 0):
 PSYoungGen      total 35328K, used 35321K [0x00000000f0000000, 0x00000000f4500000, 0x0000000100000000)
  eden space 32768K, 100% used [0x00000000f0000000,0x00000000f2000000,0x00000000f2000000)
  from space 2560K, 99% used [0x00000000f2000000,0x00000000f227e7c0,0x00000000f2280000)
  to   space 2560K, 0% used [0x00000000f4280000,0x00000000f4280000,0x00000000f4500000)
 ParOldGen       total 41984K, used 9431K [0x00000000d0000000, 0x00000000d2900000, 0x00000000f0000000)
  object space 41984K, 22% used [0x00000000d0000000,0x00000000d0935ea0,0x00000000d2900000)
 PSPermGen       total 21504K, used 8893K [0x00000000c5a00000, 0x00000000c6f00000, 0x00000000d0000000)
  object space 21504K, 41% used [0x00000000c5a00000,0x00000000c62af7e0,0x00000000c6f00000)
Event: 1.775 GC heap after
Heap after GC invocations=4 (full 0):
 PSYoungGen      total 68096K, used 2553K [0x00000000f0000000, 0x00000000f4500000, 0x0000000100000000)
  eden space 65536K, 0% used [0x00000000f0000000,0x00000000f0000000,0x00000000f4000000)
  from space 2560K, 99% used [0x00000000f4280000,0x00000000f44fe7a0,0x00000000f4500000)
  to   space 2560K, 0% used [0x00000000f4000000,0x00000000f4000000,0x00000000f4280000)
 ParOldGen       total 41984K, used 12279K [0x00000000d0000000, 0x00000000d2900000, 0x00000000f0000000)
  object space 41984K, 29% used [0x00000000d0000000,0x00000000d0bfdea0,0x00000000d2900000)
 PSPermGen       total 21504K, used 8893K [0x00000000c5a00000, 0x00000000c6f00000, 0x00000000d0000000)
  object space 21504K, 41% used [0x00000000c5a00000,0x00000000c62af7e0,0x00000000c6f00000)
}
Event: 2.267 GC heap before
{Heap before GC invocations=5 (full 0):
 PSYoungGen      total 68096K, used 68089K [0x00000000f0000000, 0x00000000f4500000, 0x0000000100000000)
  eden space 65536K, 100% used [0x00000000f0000000,0x00000000f4000000,0x00000000f4000000)
  from space 2560K, 99% used [0x00000000f4280000,0x00000000f44fe7a0,0x00000000f4500000)
  to   space 2560K, 0% used [0x00000000f4000000,0x00000000f4000000,0x00000000f4280000)
 ParOldGen       total 41984K, used 12279K [0x00000000d0000000, 0x00000000d2900000, 0x00000000f0000000)
  object space 41984K, 29% used [0x00000000d0000000,0x00000000d0bfdea0,0x00000000d2900000)
 PSPermGen       total 21504K, used 9644K [0x00000000c5a00000, 0x00000000c6f00000, 0x00000000d0000000)
  object space 21504K, 44% used [0x00000000c5a00000,0x00000000c636b088,0x00000000c6f00000)
Event: 2.297 GC heap after
Heap after GC invocations=5 (full 0):
 PSYoungGen      total 68096K, used 2554K [0x00000000f0000000, 0x00000000f9b00000, 0x0000000100000000)
  eden space 65536K, 0% used [0x00000000f0000000,0x00000000f0000000,0x00000000f4000000)
  from space 2560K, 99% used [0x00000000f4000000,0x00000000f427e8a0,0x00000000f4280000)
  to   space 13824K, 0% used [0x00000000f8d80000,0x00000000f8d80000,0x00000000f9b00000)
 ParOldGen       total 41984K, used 23144K [0x00000000d0000000, 0x00000000d2900000, 0x00000000f0000000)
  object space 41984K, 55% used [0x00000000d0000000,0x00000000d169a3f8,0x00000000d2900000)
 PSPermGen       total 21504K, used 9644K [0x00000000c5a00000, 0x00000000c6f00000, 0x00000000d0000000)
  object space 21504K, 44% used [0x00000000c5a00000,0x00000000c636b088,0x00000000c6f00000)
}

